<?xml version="1.0" encoding="UTF-8"?>
<!-- Generated by org.testng.reporters.JUnitReportReporter -->
<testsuite hostname="LAPTOP-NHA54PIJ" name="selenium.flipkart_testTest" tests="1" failures="0" timestamp="9 Jul 2017 06:44:30 GMT" time="42.342" errors="0">
  <testcase name="f" time="42.342" classname="selenium.flipkart_testTest"/>
</testsuite> <!-- selenium.flipkart_testTest -->
