<?xml version="1.0" encoding="UTF-8"?>
<!-- Generated by org.testng.reporters.JUnitReportReporter -->
<testsuite hostname="LAPTOP-NHA54PIJ" name="selenium.redBusTest" tests="1" failures="0" timestamp="3 Jul 2017 05:05:17 GMT" time="185.147" errors="0">
  <testcase name="f" time="185.147" classname="selenium.redBusTest"/>
</testsuite> <!-- selenium.redBusTest -->
