<?xml version="1.0" encoding="UTF-8"?>
<!-- Generated by org.testng.reporters.JUnitReportReporter -->
<testsuite hostname="LAPTOP-NHA54PIJ" name="selenium.AmazonChrome" tests="1" failures="0" timestamp="14 Jul 2017 04:59:56 GMT" time="86.118" errors="0">
  <testcase name="f" time="86.118" classname="selenium.AmazonChrome"/>
</testsuite> <!-- selenium.AmazonChrome -->
