<?xml version="1.0" encoding="UTF-8"?>
<!-- Generated by org.testng.reporters.JUnitReportReporter -->
<testsuite hostname="LAPTOP-NHA54PIJ" name="selenium.redBusTest" tests="1" failures="0" timestamp="9 Jul 2017 06:44:30 GMT" time="38.699" errors="0">
  <testcase name="f" time="38.699" classname="selenium.redBusTest"/>
</testsuite> <!-- selenium.redBusTest -->
